<?xml version="1.0" encoding="UTF-8"?>
<!-- Generated by org.testng.reporters.JUnitReportReporter -->
<testsuite hostname="DESKTOP-DV6TED6" failures="0" tests="1" name="com.QALegendBilling.testscript.SignoutTest" time="35.612" errors="0" timestamp="2023-08-30T10:45:18 IST" skipped="0">
  <testcase classname="com.QALegendBilling.testscript.SignoutTest" name="TC_003_verifyuser_signoutButton" time="35.612"/>
  <system-out/>
</testsuite> <!-- com.QALegendBilling.testscript.SignoutTest -->
