<?xml version="1.0" encoding="UTF-8"?>
<!-- Generated by org.testng.reporters.JUnitReportReporter -->
<testsuite hostname="DESKTOP-DV6TED6" failures="0" tests="1" name="com.QALegendBilling.testscript.DeleteTest" time="24.557" errors="0" timestamp="2023-09-05T21:24:07 IST" skipped="0">
  <testcase classname="com.QALegendBilling.testscript.DeleteTest" name="Tc_008_verify_DeleteUser" time="24.557"/>
  <system-out/>
</testsuite> <!-- com.QALegendBilling.testscript.DeleteTest -->
