<?xml version="1.0" encoding="UTF-8"?>
<!-- Generated by org.testng.reporters.JUnitReportReporter -->
<testsuite hostname="DESKTOP-DV6TED6" failures="0" tests="1" name="com.QALegendBilling.testscript.EditTest" time="66.702" errors="0" timestamp="2023-09-06T15:11:01 IST" skipped="0">
  <testcase classname="com.QALegendBilling.testscript.EditTest" name="Tc_008_verify_EditUser" time="66.702"/>
  <system-out/>
</testsuite> <!-- com.QALegendBilling.testscript.EditTest -->
