<?xml version="1.0" encoding="UTF-8"?>
<!-- Generated by org.testng.reporters.JUnitReportReporter -->
<testsuite hostname="DESKTOP-DV6TED6" failures="0" tests="1" name="com.QALegendBilling.testscript.UseManagementTest" time="35.031" errors="0" timestamp="2023-09-02T22:45:13 IST" skipped="0">
  <testcase classname="com.QALegendBilling.testscript.UseManagementTest" name="Tc_006_verify_UserManagenetTabsAndDisplay" time="35.031"/>
  <system-out/>
</testsuite> <!-- com.QALegendBilling.testscript.UseManagementTest -->
