<?xml version="1.0" encoding="UTF-8"?>
<!-- Generated by org.testng.reporters.JUnitReportReporter -->
<testsuite hostname="DESKTOP-DV6TED6" failures="0" tests="1" name="com.QALegendBilling.testscript.ResetTest" time="33.670" errors="0" timestamp="2023-08-30T11:26:32 IST" skipped="0">
  <testcase classname="com.QALegendBilling.testscript.ResetTest" name="TC_003_verify_Reset_passwordWith_InavlidemailID" time="33.670"/>
  <system-out/>
</testsuite> <!-- com.QALegendBilling.testscript.ResetTest -->
