<?xml version="1.0" encoding="UTF-8"?>
<!-- Generated by org.testng.reporters.JUnitReportReporter -->
<testsuite hostname="DESKTOP-DV6TED6" failures="0" tests="1" name="com.QALegendBilling.testscript.RoleTest" time="50.419" errors="0" timestamp="2023-09-04T21:28:25 IST" skipped="0">
  <testcase classname="com.QALegendBilling.testscript.RoleTest" name="TC_007_verifyRoleSearch" time="50.419"/>
  <system-out/>
</testsuite> <!-- com.QALegendBilling.testscript.RoleTest -->
